0 info it worked if it ends with ok
1 verbose cli [ 'C:\\Program Files\\nodejs\\node.exe',
1 verbose cli   'C:\\Program Files\\nodejs\\node_modules\\npm\\bin\\npm-cli.js',
1 verbose cli   'install',
1 verbose cli   'bcrypt' ]
2 info using npm@3.6.0
3 info using node@v5.7.0
4 silly loadCurrentTree Starting
5 silly install loadCurrentTree
6 silly install readLocalPackageData
7 silly fetchPackageMetaData bcrypt@^0.8.5
8 silly fetchNamedPackageData bcrypt
9 silly mapToRegistry name bcrypt
10 silly mapToRegistry using default registry
11 silly mapToRegistry registry https://registry.npmjs.org/
12 silly mapToRegistry uri https://registry.npmjs.org/bcrypt
13 verbose request uri https://registry.npmjs.org/bcrypt
14 verbose request no auth needed
15 info attempt registry request try #1 at 12:09:01 PM
16 verbose request id 4a02e97991bb7941
17 verbose etag "7RMXQLSEXE3P9IGR1DBZM8NQZ"
18 http request GET https://registry.npmjs.org/bcrypt
19 http 304 https://registry.npmjs.org/bcrypt
20 verbose headers { date: 'Thu, 21 Apr 2016 19:09:01 GMT',
20 verbose headers   via: '1.1 varnish',
20 verbose headers   'cache-control': 'max-age=300',
20 verbose headers   etag: '"7RMXQLSEXE3P9IGR1DBZM8NQZ"',
20 verbose headers   age: '138',
20 verbose headers   connection: 'keep-alive',
20 verbose headers   'x-served-by': 'cache-sjc3132-SJC',
20 verbose headers   'x-cache': 'HIT',
20 verbose headers   'x-cache-hits': '26',
20 verbose headers   'x-timer': 'S1461265741.974252,VS0,VE0',
20 verbose headers   vary: 'Accept-Encoding' }
21 silly get cb [ 304,
21 silly get   { date: 'Thu, 21 Apr 2016 19:09:01 GMT',
21 silly get     via: '1.1 varnish',
21 silly get     'cache-control': 'max-age=300',
21 silly get     etag: '"7RMXQLSEXE3P9IGR1DBZM8NQZ"',
21 silly get     age: '138',
21 silly get     connection: 'keep-alive',
21 silly get     'x-served-by': 'cache-sjc3132-SJC',
21 silly get     'x-cache': 'HIT',
21 silly get     'x-cache-hits': '26',
21 silly get     'x-timer': 'S1461265741.974252,VS0,VE0',
21 silly get     vary: 'Accept-Encoding' } ]
22 verbose etag https://registry.npmjs.org/bcrypt from cache
23 verbose get saving bcrypt to C:\Users\Neel\AppData\Roaming\npm-cache\registry.npmjs.org\bcrypt\.cache.json
24 verbose correctMkdir C:\Users\Neel\AppData\Roaming\npm-cache correctMkdir not in flight; initializing
25 silly install normalizeTree
26 silly loadCurrentTree Finishing
27 silly loadIdealTree Starting
28 silly install loadIdealTree
29 silly cloneCurrentTree Starting
30 silly install cloneCurrentTreeToIdealTree
31 silly cloneCurrentTree Finishing
32 silly loadShrinkwrap Starting
33 silly install loadShrinkwrap
34 silly loadShrinkwrap Finishing
35 silly loadAllDepsIntoIdealTree Starting
36 silly install loadAllDepsIntoIdealTree
37 silly resolveWithNewModule bcrypt@0.8.6 checking installable status
38 silly cache add args [ 'bcrypt@^0.8.5', null ]
39 verbose cache add spec bcrypt@^0.8.5
40 silly cache add parsed spec Result {
40 silly cache add   raw: 'bcrypt@^0.8.5',
40 silly cache add   scope: null,
40 silly cache add   name: 'bcrypt',
40 silly cache add   rawSpec: '^0.8.5',
40 silly cache add   spec: '>=0.8.5 <0.9.0',
40 silly cache add   type: 'range' }
41 silly addNamed bcrypt@>=0.8.5 <0.9.0
42 verbose addNamed ">=0.8.5 <0.9.0" is a valid semver range for bcrypt
43 silly addNameRange { name: 'bcrypt', range: '>=0.8.5 <0.9.0', hasData: false }
44 silly mapToRegistry name bcrypt
45 silly mapToRegistry using default registry
46 silly mapToRegistry registry https://registry.npmjs.org/
47 silly mapToRegistry uri https://registry.npmjs.org/bcrypt
48 verbose addNameRange registry:https://registry.npmjs.org/bcrypt not in flight; fetching
49 verbose get https://registry.npmjs.org/bcrypt not expired, no request
50 silly addNameRange number 2 { name: 'bcrypt', range: '>=0.8.5 <0.9.0', hasData: true }
51 silly addNameRange versions [ 'bcrypt',
51 silly addNameRange   [ '0.1.2',
51 silly addNameRange     '0.2.0',
51 silly addNameRange     '0.2.1',
51 silly addNameRange     '0.1.3',
51 silly addNameRange     '0.2.2',
51 silly addNameRange     '0.2.3',
51 silly addNameRange     '0.2.4',
51 silly addNameRange     '0.3.0',
51 silly addNameRange     '0.3.1',
51 silly addNameRange     '0.3.2',
51 silly addNameRange     '0.4.0',
51 silly addNameRange     '0.4.1',
51 silly addNameRange     '0.5.0',
51 silly addNameRange     '0.6.0',
51 silly addNameRange     '0.7.0',
51 silly addNameRange     '0.7.1',
51 silly addNameRange     '0.7.2',
51 silly addNameRange     '0.7.3',
51 silly addNameRange     '0.7.4',
51 silly addNameRange     '0.7.5',
51 silly addNameRange     '0.7.6',
51 silly addNameRange     '0.7.7',
51 silly addNameRange     '0.7.8',
51 silly addNameRange     '0.8.0',
51 silly addNameRange     '0.8.1',
51 silly addNameRange     '0.8.2',
51 silly addNameRange     '0.8.3',
51 silly addNameRange     '0.8.4',
51 silly addNameRange     '0.8.5',
51 silly addNameRange     '0.8.6' ] ]
52 silly addNamed bcrypt@0.8.6
53 verbose addNamed "0.8.6" is a plain semver version for bcrypt
54 silly cache afterAdd bcrypt@0.8.6
55 verbose afterAdd C:\Users\Neel\AppData\Roaming\npm-cache\bcrypt\0.8.6\package\package.json not in flight; writing
56 verbose correctMkdir C:\Users\Neel\AppData\Roaming\npm-cache correctMkdir not in flight; initializing
57 verbose afterAdd C:\Users\Neel\AppData\Roaming\npm-cache\bcrypt\0.8.6\package\package.json written
58 silly fetchNamedPackageData bindings
59 silly mapToRegistry name bindings
60 silly mapToRegistry using default registry
61 silly mapToRegistry registry https://registry.npmjs.org/
62 silly mapToRegistry uri https://registry.npmjs.org/bindings
63 silly fetchNamedPackageData nan
64 silly mapToRegistry name nan
65 silly mapToRegistry using default registry
66 silly mapToRegistry registry https://registry.npmjs.org/
67 silly mapToRegistry uri https://registry.npmjs.org/nan
68 verbose request uri https://registry.npmjs.org/bindings
69 verbose request no auth needed
70 info attempt registry request try #1 at 12:09:01 PM
71 verbose etag "1LLBF9OH58DLBEL4629U6032D"
72 http request GET https://registry.npmjs.org/bindings
73 verbose request uri https://registry.npmjs.org/nan
74 verbose request no auth needed
75 info attempt registry request try #1 at 12:09:01 PM
76 verbose etag "BAF0CH6FX7ZGID84VMUQ15OTR"
77 http request GET https://registry.npmjs.org/nan
78 http 304 https://registry.npmjs.org/bindings
79 verbose headers { date: 'Thu, 21 Apr 2016 19:09:02 GMT',
79 verbose headers   via: '1.1 varnish',
79 verbose headers   'cache-control': 'max-age=300',
79 verbose headers   etag: '"1LLBF9OH58DLBEL4629U6032D"',
79 verbose headers   age: '32',
79 verbose headers   connection: 'keep-alive',
79 verbose headers   'x-served-by': 'cache-sjc3129-SJC',
79 verbose headers   'x-cache': 'HIT',
79 verbose headers   'x-cache-hits': '2',
79 verbose headers   'x-timer': 'S1461265742.411092,VS0,VE0',
79 verbose headers   vary: 'Accept-Encoding' }
80 silly get cb [ 304,
80 silly get   { date: 'Thu, 21 Apr 2016 19:09:02 GMT',
80 silly get     via: '1.1 varnish',
80 silly get     'cache-control': 'max-age=300',
80 silly get     etag: '"1LLBF9OH58DLBEL4629U6032D"',
80 silly get     age: '32',
80 silly get     connection: 'keep-alive',
80 silly get     'x-served-by': 'cache-sjc3129-SJC',
80 silly get     'x-cache': 'HIT',
80 silly get     'x-cache-hits': '2',
80 silly get     'x-timer': 'S1461265742.411092,VS0,VE0',
80 silly get     vary: 'Accept-Encoding' } ]
81 verbose etag https://registry.npmjs.org/bindings from cache
82 verbose get saving bindings to C:\Users\Neel\AppData\Roaming\npm-cache\registry.npmjs.org\bindings\.cache.json
83 verbose correctMkdir C:\Users\Neel\AppData\Roaming\npm-cache correctMkdir not in flight; initializing
84 http 304 https://registry.npmjs.org/nan
85 verbose headers { date: 'Thu, 21 Apr 2016 19:09:02 GMT',
85 verbose headers   via: '1.1 varnish',
85 verbose headers   'cache-control': 'max-age=300',
85 verbose headers   etag: '"BAF0CH6FX7ZGID84VMUQ15OTR"',
85 verbose headers   age: '44',
85 verbose headers   connection: 'keep-alive',
85 verbose headers   'x-served-by': 'cache-sjc3133-SJC',
85 verbose headers   'x-cache': 'HIT',
85 verbose headers   'x-cache-hits': '3',
85 verbose headers   'x-timer': 'S1461265742.418514,VS0,VE0',
85 verbose headers   vary: 'Accept-Encoding' }
86 silly get cb [ 304,
86 silly get   { date: 'Thu, 21 Apr 2016 19:09:02 GMT',
86 silly get     via: '1.1 varnish',
86 silly get     'cache-control': 'max-age=300',
86 silly get     etag: '"BAF0CH6FX7ZGID84VMUQ15OTR"',
86 silly get     age: '44',
86 silly get     connection: 'keep-alive',
86 silly get     'x-served-by': 'cache-sjc3133-SJC',
86 silly get     'x-cache': 'HIT',
86 silly get     'x-cache-hits': '3',
86 silly get     'x-timer': 'S1461265742.418514,VS0,VE0',
86 silly get     vary: 'Accept-Encoding' } ]
87 verbose etag https://registry.npmjs.org/nan from cache
88 verbose get saving nan to C:\Users\Neel\AppData\Roaming\npm-cache\registry.npmjs.org\nan\.cache.json
89 verbose correctMkdir C:\Users\Neel\AppData\Roaming\npm-cache correctMkdir not in flight; initializing
90 silly resolveWithNewModule nan@2.2.1 checking installable status
91 silly cache add args [ 'nan@2.2.1', null ]
92 verbose cache add spec nan@2.2.1
93 silly cache add parsed spec Result {
93 silly cache add   raw: 'nan@2.2.1',
93 silly cache add   scope: null,
93 silly cache add   name: 'nan',
93 silly cache add   rawSpec: '2.2.1',
93 silly cache add   spec: '2.2.1',
93 silly cache add   type: 'version' }
94 silly addNamed nan@2.2.1
95 verbose addNamed "2.2.1" is a plain semver version for nan
96 silly mapToRegistry name nan
97 silly mapToRegistry using default registry
98 silly mapToRegistry registry https://registry.npmjs.org/
99 silly mapToRegistry uri https://registry.npmjs.org/nan
100 verbose addNameVersion registry:https://registry.npmjs.org/nan not in flight; fetching
101 silly resolveWithNewModule bindings@1.2.1 checking installable status
102 silly cache add args [ 'bindings@1.2.1', null ]
103 verbose cache add spec bindings@1.2.1
104 silly cache add parsed spec Result {
104 silly cache add   raw: 'bindings@1.2.1',
104 silly cache add   scope: null,
104 silly cache add   name: 'bindings',
104 silly cache add   rawSpec: '1.2.1',
104 silly cache add   spec: '1.2.1',
104 silly cache add   type: 'version' }
105 silly addNamed bindings@1.2.1
106 verbose addNamed "1.2.1" is a plain semver version for bindings
107 silly mapToRegistry name bindings
108 silly mapToRegistry using default registry
109 silly mapToRegistry registry https://registry.npmjs.org/
110 silly mapToRegistry uri https://registry.npmjs.org/bindings
111 verbose addNameVersion registry:https://registry.npmjs.org/bindings not in flight; fetching
112 verbose get https://registry.npmjs.org/nan not expired, no request
113 verbose get https://registry.npmjs.org/bindings not expired, no request
114 silly cache afterAdd bindings@1.2.1
115 verbose afterAdd C:\Users\Neel\AppData\Roaming\npm-cache\bindings\1.2.1\package\package.json not in flight; writing
116 verbose correctMkdir C:\Users\Neel\AppData\Roaming\npm-cache correctMkdir not in flight; initializing
117 verbose afterAdd C:\Users\Neel\AppData\Roaming\npm-cache\bindings\1.2.1\package\package.json written
118 silly cache afterAdd nan@2.2.1
119 verbose afterAdd C:\Users\Neel\AppData\Roaming\npm-cache\nan\2.2.1\package\package.json not in flight; writing
120 verbose correctMkdir C:\Users\Neel\AppData\Roaming\npm-cache correctMkdir not in flight; initializing
121 verbose afterAdd C:\Users\Neel\AppData\Roaming\npm-cache\nan\2.2.1\package\package.json written
122 silly loadAllDepsIntoIdealTree Finishing
123 silly idealTree:prePrune amazon@0.0.1
123 silly idealTree:prePrune +-- amqplib@0.4.1
123 silly idealTree:prePrune +-- ansi-regex@2.0.0
123 silly idealTree:prePrune +-- ansi-styles@2.2.1
123 silly idealTree:prePrune +-- asn1@0.2.3
123 silly idealTree:prePrune +-- assert-plus@0.2.0
123 silly idealTree:prePrune +-- async@1.5.2
123 silly idealTree:prePrune +-- aws-sign2@0.6.0
123 silly idealTree:prePrune +-- aws4@1.3.2
123 silly idealTree:prePrune | `-- lru-cache@4.0.1
123 silly idealTree:prePrune +-- base64-url@1.2.1
123 silly idealTree:prePrune +-- bcrypt@0.8.6
123 silly idealTree:prePrune +-- bignumber.js@2.1.4
123 silly idealTree:prePrune +-- bindings@1.2.1
123 silly idealTree:prePrune +-- bitsyntax@0.0.4
123 silly idealTree:prePrune +-- bl@1.1.2
123 silly idealTree:prePrune | +-- isarray@1.0.0
123 silly idealTree:prePrune | `-- readable-stream@2.0.6
123 silly idealTree:prePrune +-- bluebird@3.3.5
123 silly idealTree:prePrune +-- boom@2.10.1
123 silly idealTree:prePrune +-- bson@0.4.23
123 silly idealTree:prePrune +-- buffer-crc32@0.2.1
123 silly idealTree:prePrune +-- buffer-more-ints@0.0.2
123 silly idealTree:prePrune +-- bytes@0.2.0
123 silly idealTree:prePrune +-- caseless@0.11.0
123 silly idealTree:prePrune +-- chalk@1.1.3
123 silly idealTree:prePrune | `-- supports-color@2.0.0
123 silly idealTree:prePrune +-- combined-stream@1.0.5
123 silly idealTree:prePrune +-- commander@0.6.1
123 silly idealTree:prePrune +-- connect-mongo@1.1.0
123 silly idealTree:prePrune +-- connect@2.7.11
123 silly idealTree:prePrune | +-- cookie@0.0.5
123 silly idealTree:prePrune | `-- send@0.1.1
123 silly idealTree:prePrune +-- cookie-signature@1.0.1
123 silly idealTree:prePrune +-- cookie@0.1.0
123 silly idealTree:prePrune +-- core-util-is@1.0.2
123 silly idealTree:prePrune +-- crc@3.4.0
123 silly idealTree:prePrune +-- cryptiles@2.0.5
123 silly idealTree:prePrune +-- dashdash@1.13.0
123 silly idealTree:prePrune | `-- assert-plus@1.0.0
123 silly idealTree:prePrune +-- debug@2.2.0
123 silly idealTree:prePrune +-- delayed-stream@1.0.0
123 silly idealTree:prePrune +-- depd@1.1.0
123 silly idealTree:prePrune +-- diff@1.4.0
123 silly idealTree:prePrune +-- ecc-jsbn@0.1.1
123 silly idealTree:prePrune +-- ejs@2.4.1
123 silly idealTree:prePrune +-- es6-promise@3.0.2
123 silly idealTree:prePrune +-- escape-string-regexp@1.0.2
123 silly idealTree:prePrune +-- express-session@1.13.0
123 silly idealTree:prePrune | +-- cookie-signature@1.0.6
123 silly idealTree:prePrune | `-- cookie@0.2.3
123 silly idealTree:prePrune +-- express@3.2.6
123 silly idealTree:prePrune +-- extend@3.0.0
123 silly idealTree:prePrune +-- extsprintf@1.0.2
123 silly idealTree:prePrune +-- forever-agent@0.6.1
123 silly idealTree:prePrune +-- form-data@1.0.0-rc4
123 silly idealTree:prePrune +-- formidable@1.0.14
123 silly idealTree:prePrune +-- fresh@0.1.0
123 silly idealTree:prePrune +-- generate-function@2.0.0
123 silly idealTree:prePrune +-- generate-object-property@1.2.0
123 silly idealTree:prePrune +-- glob@3.2.3
123 silly idealTree:prePrune +-- graceful-fs@2.0.3
123 silly idealTree:prePrune +-- graceful-readlink@1.0.1
123 silly idealTree:prePrune +-- growl@1.8.1
123 silly idealTree:prePrune +-- har-validator@2.0.6
123 silly idealTree:prePrune | `-- commander@2.9.0
123 silly idealTree:prePrune +-- has-ansi@2.0.0
123 silly idealTree:prePrune +-- hawk@3.1.3
123 silly idealTree:prePrune +-- hoek@2.16.3
123 silly idealTree:prePrune +-- hooks-fixed@1.1.0
123 silly idealTree:prePrune +-- http-signature@1.1.1
123 silly idealTree:prePrune +-- inherits@2.0.1
123 silly idealTree:prePrune +-- is-my-json-valid@2.13.1
123 silly idealTree:prePrune +-- is-property@1.0.2
123 silly idealTree:prePrune +-- is-typedarray@1.0.0
123 silly idealTree:prePrune +-- isarray@0.0.1
123 silly idealTree:prePrune +-- isstream@0.1.2
123 silly idealTree:prePrune +-- jade@0.26.3
123 silly idealTree:prePrune | `-- mkdirp@0.3.0
123 silly idealTree:prePrune +-- jodid25519@1.0.2
123 silly idealTree:prePrune +-- jsbn@0.1.0
123 silly idealTree:prePrune +-- json-schema@0.2.2
123 silly idealTree:prePrune +-- json-stringify-safe@5.0.1
123 silly idealTree:prePrune +-- jsonpointer@2.0.0
123 silly idealTree:prePrune +-- jsprim@1.2.2
123 silly idealTree:prePrune +-- kareem@1.0.1
123 silly idealTree:prePrune +-- lru-cache@2.7.3
123 silly idealTree:prePrune +-- methods@0.0.1
123 silly idealTree:prePrune +-- mime-db@1.22.0
123 silly idealTree:prePrune +-- mime-types@2.1.10
123 silly idealTree:prePrune +-- mime@1.2.11
123 silly idealTree:prePrune +-- minimatch@0.2.14
123 silly idealTree:prePrune +-- minimist@0.0.8
123 silly idealTree:prePrune +-- mkdirp@0.3.4
123 silly idealTree:prePrune +-- mocha@2.4.5
123 silly idealTree:prePrune | +-- commander@2.3.0
123 silly idealTree:prePrune | `-- mkdirp@0.5.1
123 silly idealTree:prePrune +-- mongodb-core@1.3.16
123 silly idealTree:prePrune +-- mongodb@2.1.16
123 silly idealTree:prePrune | `-- readable-stream@1.0.31
123 silly idealTree:prePrune +-- mongoose@4.4.12
123 silly idealTree:prePrune +-- mpath@0.2.1
123 silly idealTree:prePrune +-- mpromise@0.5.5
123 silly idealTree:prePrune +-- mquery@1.10.0
123 silly idealTree:prePrune | +-- bluebird@2.10.2
123 silly idealTree:prePrune | `-- sliced@0.0.5
123 silly idealTree:prePrune +-- ms@0.7.1
123 silly idealTree:prePrune +-- muri@1.1.0
123 silly idealTree:prePrune +-- mysql@2.10.2
123 silly idealTree:prePrune +-- nan@2.2.1
123 silly idealTree:prePrune +-- node-uuid@1.4.7
123 silly idealTree:prePrune +-- oauth-sign@0.8.1
123 silly idealTree:prePrune +-- on-headers@1.0.1
123 silly idealTree:prePrune +-- parseurl@1.3.1
123 silly idealTree:prePrune +-- pause@0.0.1
123 silly idealTree:prePrune +-- pinkie-promise@2.0.1
123 silly idealTree:prePrune +-- pinkie@2.0.4
123 silly idealTree:prePrune +-- process-nextick-args@1.0.6
123 silly idealTree:prePrune +-- pseudomap@1.0.2
123 silly idealTree:prePrune +-- qs@0.6.5
123 silly idealTree:prePrune +-- range-parser@0.0.4
123 silly idealTree:prePrune +-- readable-stream@1.1.14
123 silly idealTree:prePrune +-- regexp-clone@0.0.1
123 silly idealTree:prePrune +-- request@2.72.0
123 silly idealTree:prePrune | `-- qs@6.1.0
123 silly idealTree:prePrune +-- require_optional@1.0.0
123 silly idealTree:prePrune +-- resolve-from@2.0.0
123 silly idealTree:prePrune +-- semver@5.1.0
123 silly idealTree:prePrune +-- send@0.1.0
123 silly idealTree:prePrune | `-- mime@1.2.6
123 silly idealTree:prePrune +-- sigmund@1.0.1
123 silly idealTree:prePrune +-- sliced@1.0.1
123 silly idealTree:prePrune +-- sntp@1.0.9
123 silly idealTree:prePrune +-- sshpk@1.7.4
123 silly idealTree:prePrune +-- string_decoder@0.10.31
123 silly idealTree:prePrune +-- stringstream@0.0.5
123 silly idealTree:prePrune +-- strip-ansi@3.0.1
123 silly idealTree:prePrune +-- supports-color@1.2.0
123 silly idealTree:prePrune +-- tough-cookie@2.2.2
123 silly idealTree:prePrune +-- tunnel-agent@0.4.2
123 silly idealTree:prePrune +-- tweetnacl@0.14.3
123 silly idealTree:prePrune +-- uid-safe@2.0.0
123 silly idealTree:prePrune +-- util-deprecate@1.0.2
123 silly idealTree:prePrune +-- utils-merge@1.0.0
123 silly idealTree:prePrune +-- verror@1.3.6
123 silly idealTree:prePrune +-- when@3.6.4
123 silly idealTree:prePrune +-- xtend@4.0.1
123 silly idealTree:prePrune `-- yallist@2.0.0
124 silly loadIdealTree Finishing
125 silly currentTree amazon@0.0.1
125 silly currentTree +-- amqplib@0.4.1
125 silly currentTree +-- ansi-regex@2.0.0
125 silly currentTree +-- ansi-styles@2.2.1
125 silly currentTree +-- asn1@0.2.3
125 silly currentTree +-- assert-plus@0.2.0
125 silly currentTree +-- async@1.5.2
125 silly currentTree +-- aws-sign2@0.6.0
125 silly currentTree +-- aws4@1.3.2
125 silly currentTree | `-- lru-cache@4.0.1
125 silly currentTree +-- base64-url@1.2.1
125 silly currentTree +-- bignumber.js@2.1.4
125 silly currentTree +-- bitsyntax@0.0.4
125 silly currentTree +-- bl@1.1.2
125 silly currentTree | +-- isarray@1.0.0
125 silly currentTree | `-- readable-stream@2.0.6
125 silly currentTree +-- bluebird@3.3.5
125 silly currentTree +-- boom@2.10.1
125 silly currentTree +-- bson@0.4.23
125 silly currentTree +-- buffer-crc32@0.2.1
125 silly currentTree +-- buffer-more-ints@0.0.2
125 silly currentTree +-- bytes@0.2.0
125 silly currentTree +-- caseless@0.11.0
125 silly currentTree +-- chalk@1.1.3
125 silly currentTree | `-- supports-color@2.0.0
125 silly currentTree +-- combined-stream@1.0.5
125 silly currentTree +-- commander@0.6.1
125 silly currentTree +-- connect-mongo@1.1.0
125 silly currentTree +-- connect@2.7.11
125 silly currentTree | +-- cookie@0.0.5
125 silly currentTree | `-- send@0.1.1
125 silly currentTree +-- cookie-signature@1.0.1
125 silly currentTree +-- cookie@0.1.0
125 silly currentTree +-- core-util-is@1.0.2
125 silly currentTree +-- crc@3.4.0
125 silly currentTree +-- cryptiles@2.0.5
125 silly currentTree +-- dashdash@1.13.0
125 silly currentTree | `-- assert-plus@1.0.0
125 silly currentTree +-- debug@2.2.0
125 silly currentTree +-- delayed-stream@1.0.0
125 silly currentTree +-- depd@1.1.0
125 silly currentTree +-- diff@1.4.0
125 silly currentTree +-- ecc-jsbn@0.1.1
125 silly currentTree +-- ejs@2.4.1
125 silly currentTree +-- es6-promise@3.0.2
125 silly currentTree +-- escape-string-regexp@1.0.2
125 silly currentTree +-- express-session@1.13.0
125 silly currentTree | +-- cookie-signature@1.0.6
125 silly currentTree | `-- cookie@0.2.3
125 silly currentTree +-- express@3.2.6
125 silly currentTree +-- extend@3.0.0
125 silly currentTree +-- extsprintf@1.0.2
125 silly currentTree +-- forever-agent@0.6.1
125 silly currentTree +-- form-data@1.0.0-rc4
125 silly currentTree +-- formidable@1.0.14
125 silly currentTree +-- fresh@0.1.0
125 silly currentTree +-- generate-function@2.0.0
125 silly currentTree +-- generate-object-property@1.2.0
125 silly currentTree +-- glob@3.2.3
125 silly currentTree +-- graceful-fs@2.0.3
125 silly currentTree +-- graceful-readlink@1.0.1
125 silly currentTree +-- growl@1.8.1
125 silly currentTree +-- har-validator@2.0.6
125 silly currentTree | `-- commander@2.9.0
125 silly currentTree +-- has-ansi@2.0.0
125 silly currentTree +-- hawk@3.1.3
125 silly currentTree +-- hoek@2.16.3
125 silly currentTree +-- hooks-fixed@1.1.0
125 silly currentTree +-- http-signature@1.1.1
125 silly currentTree +-- inherits@2.0.1
125 silly currentTree +-- is-my-json-valid@2.13.1
125 silly currentTree +-- is-property@1.0.2
125 silly currentTree +-- is-typedarray@1.0.0
125 silly currentTree +-- isarray@0.0.1
125 silly currentTree +-- isstream@0.1.2
125 silly currentTree +-- jade@0.26.3
125 silly currentTree | `-- mkdirp@0.3.0
125 silly currentTree +-- jodid25519@1.0.2
125 silly currentTree +-- jsbn@0.1.0
125 silly currentTree +-- json-schema@0.2.2
125 silly currentTree +-- json-stringify-safe@5.0.1
125 silly currentTree +-- jsonpointer@2.0.0
125 silly currentTree +-- jsprim@1.2.2
125 silly currentTree +-- kareem@1.0.1
125 silly currentTree +-- lru-cache@2.7.3
125 silly currentTree +-- methods@0.0.1
125 silly currentTree +-- mime-db@1.22.0
125 silly currentTree +-- mime-types@2.1.10
125 silly currentTree +-- mime@1.2.11
125 silly currentTree +-- minimatch@0.2.14
125 silly currentTree +-- minimist@0.0.8
125 silly currentTree +-- mkdirp@0.3.4
125 silly currentTree +-- mocha@2.4.5
125 silly currentTree | +-- commander@2.3.0
125 silly currentTree | `-- mkdirp@0.5.1
125 silly currentTree +-- mongodb-core@1.3.16
125 silly currentTree +-- mongodb@2.1.16
125 silly currentTree | `-- readable-stream@1.0.31
125 silly currentTree +-- mongoose@4.4.12
125 silly currentTree +-- mpath@0.2.1
125 silly currentTree +-- mpromise@0.5.5
125 silly currentTree +-- mquery@1.10.0
125 silly currentTree | +-- bluebird@2.10.2
125 silly currentTree | `-- sliced@0.0.5
125 silly currentTree +-- ms@0.7.1
125 silly currentTree +-- muri@1.1.0
125 silly currentTree +-- mysql@2.10.2
125 silly currentTree +-- node-uuid@1.4.7
125 silly currentTree +-- oauth-sign@0.8.1
125 silly currentTree +-- on-headers@1.0.1
125 silly currentTree +-- parseurl@1.3.1
125 silly currentTree +-- pause@0.0.1
125 silly currentTree +-- pinkie-promise@2.0.1
125 silly currentTree +-- pinkie@2.0.4
125 silly currentTree +-- process-nextick-args@1.0.6
125 silly currentTree +-- pseudomap@1.0.2
125 silly currentTree +-- qs@0.6.5
125 silly currentTree +-- range-parser@0.0.4
125 silly currentTree +-- readable-stream@1.1.14
125 silly currentTree +-- regexp-clone@0.0.1
125 silly currentTree +-- request@2.72.0
125 silly currentTree | `-- qs@6.1.0
125 silly currentTree +-- require_optional@1.0.0
125 silly currentTree +-- resolve-from@2.0.0
125 silly currentTree +-- semver@5.1.0
125 silly currentTree +-- send@0.1.0
125 silly currentTree | `-- mime@1.2.6
125 silly currentTree +-- sigmund@1.0.1
125 silly currentTree +-- sliced@1.0.1
125 silly currentTree +-- sntp@1.0.9
125 silly currentTree +-- sshpk@1.7.4
125 silly currentTree +-- string_decoder@0.10.31
125 silly currentTree +-- stringstream@0.0.5
125 silly currentTree +-- strip-ansi@3.0.1
125 silly currentTree +-- supports-color@1.2.0
125 silly currentTree +-- tough-cookie@2.2.2
125 silly currentTree +-- tunnel-agent@0.4.2
125 silly currentTree +-- tweetnacl@0.14.3
125 silly currentTree +-- uid-safe@2.0.0
125 silly currentTree +-- util-deprecate@1.0.2
125 silly currentTree +-- utils-merge@1.0.0
125 silly currentTree +-- verror@1.3.6
125 silly currentTree +-- when@3.6.4
125 silly currentTree +-- xtend@4.0.1
125 silly currentTree `-- yallist@2.0.0
126 silly idealTree amazon@0.0.1
126 silly idealTree +-- amqplib@0.4.1
126 silly idealTree +-- ansi-regex@2.0.0
126 silly idealTree +-- ansi-styles@2.2.1
126 silly idealTree +-- asn1@0.2.3
126 silly idealTree +-- assert-plus@0.2.0
126 silly idealTree +-- async@1.5.2
126 silly idealTree +-- aws-sign2@0.6.0
126 silly idealTree +-- aws4@1.3.2
126 silly idealTree | `-- lru-cache@4.0.1
126 silly idealTree +-- base64-url@1.2.1
126 silly idealTree +-- bcrypt@0.8.6
126 silly idealTree +-- bignumber.js@2.1.4
126 silly idealTree +-- bindings@1.2.1
126 silly idealTree +-- bitsyntax@0.0.4
126 silly idealTree +-- bl@1.1.2
126 silly idealTree | +-- isarray@1.0.0
126 silly idealTree | `-- readable-stream@2.0.6
126 silly idealTree +-- bluebird@3.3.5
126 silly idealTree +-- boom@2.10.1
126 silly idealTree +-- bson@0.4.23
126 silly idealTree +-- buffer-crc32@0.2.1
126 silly idealTree +-- buffer-more-ints@0.0.2
126 silly idealTree +-- bytes@0.2.0
126 silly idealTree +-- caseless@0.11.0
126 silly idealTree +-- chalk@1.1.3
126 silly idealTree | `-- supports-color@2.0.0
126 silly idealTree +-- combined-stream@1.0.5
126 silly idealTree +-- commander@0.6.1
126 silly idealTree +-- connect-mongo@1.1.0
126 silly idealTree +-- connect@2.7.11
126 silly idealTree | +-- cookie@0.0.5
126 silly idealTree | `-- send@0.1.1
126 silly idealTree +-- cookie-signature@1.0.1
126 silly idealTree +-- cookie@0.1.0
126 silly idealTree +-- core-util-is@1.0.2
126 silly idealTree +-- crc@3.4.0
126 silly idealTree +-- cryptiles@2.0.5
126 silly idealTree +-- dashdash@1.13.0
126 silly idealTree | `-- assert-plus@1.0.0
126 silly idealTree +-- debug@2.2.0
126 silly idealTree +-- delayed-stream@1.0.0
126 silly idealTree +-- depd@1.1.0
126 silly idealTree +-- diff@1.4.0
126 silly idealTree +-- ecc-jsbn@0.1.1
126 silly idealTree +-- ejs@2.4.1
126 silly idealTree +-- es6-promise@3.0.2
126 silly idealTree +-- escape-string-regexp@1.0.2
126 silly idealTree +-- express-session@1.13.0
126 silly idealTree | +-- cookie-signature@1.0.6
126 silly idealTree | `-- cookie@0.2.3
126 silly idealTree +-- express@3.2.6
126 silly idealTree +-- extend@3.0.0
126 silly idealTree +-- extsprintf@1.0.2
126 silly idealTree +-- forever-agent@0.6.1
126 silly idealTree +-- form-data@1.0.0-rc4
126 silly idealTree +-- formidable@1.0.14
126 silly idealTree +-- fresh@0.1.0
126 silly idealTree +-- generate-function@2.0.0
126 silly idealTree +-- generate-object-property@1.2.0
126 silly idealTree +-- glob@3.2.3
126 silly idealTree +-- graceful-fs@2.0.3
126 silly idealTree +-- graceful-readlink@1.0.1
126 silly idealTree +-- growl@1.8.1
126 silly idealTree +-- har-validator@2.0.6
126 silly idealTree | `-- commander@2.9.0
126 silly idealTree +-- has-ansi@2.0.0
126 silly idealTree +-- hawk@3.1.3
126 silly idealTree +-- hoek@2.16.3
126 silly idealTree +-- hooks-fixed@1.1.0
126 silly idealTree +-- http-signature@1.1.1
126 silly idealTree +-- inherits@2.0.1
126 silly idealTree +-- is-my-json-valid@2.13.1
126 silly idealTree +-- is-property@1.0.2
126 silly idealTree +-- is-typedarray@1.0.0
126 silly idealTree +-- isarray@0.0.1
126 silly idealTree +-- isstream@0.1.2
126 silly idealTree +-- jade@0.26.3
126 silly idealTree | `-- mkdirp@0.3.0
126 silly idealTree +-- jodid25519@1.0.2
126 silly idealTree +-- jsbn@0.1.0
126 silly idealTree +-- json-schema@0.2.2
126 silly idealTree +-- json-stringify-safe@5.0.1
126 silly idealTree +-- jsonpointer@2.0.0
126 silly idealTree +-- jsprim@1.2.2
126 silly idealTree +-- kareem@1.0.1
126 silly idealTree +-- lru-cache@2.7.3
126 silly idealTree +-- methods@0.0.1
126 silly idealTree +-- mime-db@1.22.0
126 silly idealTree +-- mime-types@2.1.10
126 silly idealTree +-- mime@1.2.11
126 silly idealTree +-- minimatch@0.2.14
126 silly idealTree +-- minimist@0.0.8
126 silly idealTree +-- mkdirp@0.3.4
126 silly idealTree +-- mocha@2.4.5
126 silly idealTree | +-- commander@2.3.0
126 silly idealTree | `-- mkdirp@0.5.1
126 silly idealTree +-- mongodb-core@1.3.16
126 silly idealTree +-- mongodb@2.1.16
126 silly idealTree | `-- readable-stream@1.0.31
126 silly idealTree +-- mongoose@4.4.12
126 silly idealTree +-- mpath@0.2.1
126 silly idealTree +-- mpromise@0.5.5
126 silly idealTree +-- mquery@1.10.0
126 silly idealTree | +-- bluebird@2.10.2
126 silly idealTree | `-- sliced@0.0.5
126 silly idealTree +-- ms@0.7.1
126 silly idealTree +-- muri@1.1.0
126 silly idealTree +-- mysql@2.10.2
126 silly idealTree +-- nan@2.2.1
126 silly idealTree +-- node-uuid@1.4.7
126 silly idealTree +-- oauth-sign@0.8.1
126 silly idealTree +-- on-headers@1.0.1
126 silly idealTree +-- parseurl@1.3.1
126 silly idealTree +-- pause@0.0.1
126 silly idealTree +-- pinkie-promise@2.0.1
126 silly idealTree +-- pinkie@2.0.4
126 silly idealTree +-- process-nextick-args@1.0.6
126 silly idealTree +-- pseudomap@1.0.2
126 silly idealTree +-- qs@0.6.5
126 silly idealTree +-- range-parser@0.0.4
126 silly idealTree +-- readable-stream@1.1.14
126 silly idealTree +-- regexp-clone@0.0.1
126 silly idealTree +-- request@2.72.0
126 silly idealTree | `-- qs@6.1.0
126 silly idealTree +-- require_optional@1.0.0
126 silly idealTree +-- resolve-from@2.0.0
126 silly idealTree +-- semver@5.1.0
126 silly idealTree +-- send@0.1.0
126 silly idealTree | `-- mime@1.2.6
126 silly idealTree +-- sigmund@1.0.1
126 silly idealTree +-- sliced@1.0.1
126 silly idealTree +-- sntp@1.0.9
126 silly idealTree +-- sshpk@1.7.4
126 silly idealTree +-- string_decoder@0.10.31
126 silly idealTree +-- stringstream@0.0.5
126 silly idealTree +-- strip-ansi@3.0.1
126 silly idealTree +-- supports-color@1.2.0
126 silly idealTree +-- tough-cookie@2.2.2
126 silly idealTree +-- tunnel-agent@0.4.2
126 silly idealTree +-- tweetnacl@0.14.3
126 silly idealTree +-- uid-safe@2.0.0
126 silly idealTree +-- util-deprecate@1.0.2
126 silly idealTree +-- utils-merge@1.0.0
126 silly idealTree +-- verror@1.3.6
126 silly idealTree +-- when@3.6.4
126 silly idealTree +-- xtend@4.0.1
126 silly idealTree `-- yallist@2.0.0
127 silly generateActionsToTake Starting
128 silly install generateActionsToTake
129 silly generateActionsToTake Finishing
130 silly diffTrees action count 3
131 silly diffTrees add bindings@1.2.1
132 silly diffTrees add nan@2.2.1
133 silly diffTrees add bcrypt@0.8.6
134 silly decomposeActions action count 24
135 silly decomposeActions fetch bindings@1.2.1
136 silly decomposeActions extract bindings@1.2.1
137 silly decomposeActions test bindings@1.2.1
138 silly decomposeActions preinstall bindings@1.2.1
139 silly decomposeActions build bindings@1.2.1
140 silly decomposeActions install bindings@1.2.1
141 silly decomposeActions postinstall bindings@1.2.1
142 silly decomposeActions finalize bindings@1.2.1
143 silly decomposeActions fetch nan@2.2.1
144 silly decomposeActions extract nan@2.2.1
145 silly decomposeActions test nan@2.2.1
146 silly decomposeActions preinstall nan@2.2.1
147 silly decomposeActions build nan@2.2.1
148 silly decomposeActions install nan@2.2.1
149 silly decomposeActions postinstall nan@2.2.1
150 silly decomposeActions finalize nan@2.2.1
151 silly decomposeActions fetch bcrypt@0.8.6
152 silly decomposeActions extract bcrypt@0.8.6
153 silly decomposeActions test bcrypt@0.8.6
154 silly decomposeActions preinstall bcrypt@0.8.6
155 silly decomposeActions build bcrypt@0.8.6
156 silly decomposeActions install bcrypt@0.8.6
157 silly decomposeActions postinstall bcrypt@0.8.6
158 silly decomposeActions finalize bcrypt@0.8.6
159 silly executeActions Starting
160 silly install executeActions
161 silly doSerial global-install 0
162 silly doParallel fetch 3
163 verbose correctMkdir C:\Users\Neel\AppData\Roaming\npm-cache\_locks correctMkdir not in flight; initializing
164 verbose lock using C:\Users\Neel\AppData\Roaming\npm-cache\_locks\staging-1afabcfa85ccfdcb.lock for C:\Users\Neel\Documents\GitHub\Amazon\Server\node_modules\.staging
165 silly doParallel extract 3
166 silly extract bindings@1.2.1
167 silly extract nan@2.2.1
168 silly extract bcrypt@0.8.6
169 verbose unbuild node_modules\.staging\bindings-ed97f284
170 verbose unbuild node_modules\.staging\nan-0ed55049
171 verbose unbuild node_modules\.staging\bcrypt-0f0e5a5f
172 silly gentlyRm C:\Users\Neel\Documents\GitHub\Amazon\Server\node_modules\.staging\bindings-ed97f284 is being purged from base C:\Users\Neel\Documents\GitHub\Amazon\Server
173 verbose gentlyRm don't care about contents; nuking C:\Users\Neel\Documents\GitHub\Amazon\Server\node_modules\.staging\bindings-ed97f284
174 silly gentlyRm C:\Users\Neel\Documents\GitHub\Amazon\Server\node_modules\.staging\nan-0ed55049 is being purged from base C:\Users\Neel\Documents\GitHub\Amazon\Server
175 verbose gentlyRm don't care about contents; nuking C:\Users\Neel\Documents\GitHub\Amazon\Server\node_modules\.staging\nan-0ed55049
176 silly gentlyRm C:\Users\Neel\Documents\GitHub\Amazon\Server\node_modules\.staging\bcrypt-0f0e5a5f is being purged from base C:\Users\Neel\Documents\GitHub\Amazon\Server
177 verbose gentlyRm don't care about contents; nuking C:\Users\Neel\Documents\GitHub\Amazon\Server\node_modules\.staging\bcrypt-0f0e5a5f
178 verbose tar unpack C:\Users\Neel\AppData\Roaming\npm-cache\bindings\1.2.1\package.tgz
179 verbose tar unpacking to C:\Users\Neel\Documents\GitHub\Amazon\Server\node_modules\.staging\bindings-ed97f284
180 silly gentlyRm C:\Users\Neel\Documents\GitHub\Amazon\Server\node_modules\.staging\bindings-ed97f284 is being purged
181 verbose gentlyRm don't care about contents; nuking C:\Users\Neel\Documents\GitHub\Amazon\Server\node_modules\.staging\bindings-ed97f284
182 verbose tar unpack C:\Users\Neel\AppData\Roaming\npm-cache\nan\2.2.1\package.tgz
183 verbose tar unpacking to C:\Users\Neel\Documents\GitHub\Amazon\Server\node_modules\.staging\nan-0ed55049
184 silly gentlyRm C:\Users\Neel\Documents\GitHub\Amazon\Server\node_modules\.staging\nan-0ed55049 is being purged
185 verbose gentlyRm don't care about contents; nuking C:\Users\Neel\Documents\GitHub\Amazon\Server\node_modules\.staging\nan-0ed55049
186 verbose tar unpack C:\Users\Neel\AppData\Roaming\npm-cache\bcrypt\0.8.6\package.tgz
187 verbose tar unpacking to C:\Users\Neel\Documents\GitHub\Amazon\Server\node_modules\.staging\bcrypt-0f0e5a5f
188 silly gentlyRm C:\Users\Neel\Documents\GitHub\Amazon\Server\node_modules\.staging\bcrypt-0f0e5a5f is being purged
189 verbose gentlyRm don't care about contents; nuking C:\Users\Neel\Documents\GitHub\Amazon\Server\node_modules\.staging\bcrypt-0f0e5a5f
190 silly gunzTarPerm modes [ '777', '666' ]
191 silly gunzTarPerm modes [ '777', '666' ]
192 silly gunzTarPerm modes [ '777', '666' ]
193 silly gunzTarPerm extractEntry package.json
194 silly gunzTarPerm modified mode [ 'package.json', 420, 438 ]
195 silly gunzTarPerm extractEntry package.json
196 silly gunzTarPerm modified mode [ 'package.json', 436, 438 ]
197 silly gunzTarPerm extractEntry package.json
198 silly gunzTarPerm modified mode [ 'package.json', 420, 438 ]
199 silly gunzTarPerm extractEntry .npmignore
200 silly gunzTarPerm modified mode [ '.npmignore', 420, 438 ]
201 silly gunzTarPerm extractEntry README.md
202 silly gunzTarPerm modified mode [ 'README.md', 420, 438 ]
203 silly gunzTarPerm extractEntry include_dirs.js
204 silly gunzTarPerm modified mode [ 'include_dirs.js', 436, 438 ]
205 silly gunzTarPerm extractEntry nan_converters.h
206 silly gunzTarPerm modified mode [ 'nan_converters.h', 436, 438 ]
207 silly gunzTarPerm extractEntry README.md
208 silly gunzTarPerm modified mode [ 'README.md', 420, 438 ]
209 silly gunzTarPerm extractEntry bindings.js
210 silly gunzTarPerm modified mode [ 'bindings.js', 420, 438 ]
211 silly gunzTarPerm extractEntry LICENSE
212 silly gunzTarPerm modified mode [ 'LICENSE', 420, 438 ]
213 silly gunzTarPerm extractEntry bcrypt.js
214 silly gunzTarPerm modified mode [ 'bcrypt.js', 420, 438 ]
215 silly gunzTarPerm extractEntry Makefile
216 silly gunzTarPerm modified mode [ 'Makefile', 420, 438 ]
217 silly gunzTarPerm extractEntry .travis.yml
218 silly gunzTarPerm modified mode [ '.travis.yml', 420, 438 ]
219 silly gunzTarPerm extractEntry CHANGELOG.md
220 silly gunzTarPerm modified mode [ 'CHANGELOG.md', 420, 438 ]
221 silly gunzTarPerm extractEntry binding.gyp
222 silly gunzTarPerm modified mode [ 'binding.gyp', 420, 438 ]
223 silly gunzTarPerm extractEntry examples/async_compare.js
224 silly gunzTarPerm modified mode [ 'examples/async_compare.js', 420, 438 ]
225 silly gunzTarPerm extractEntry examples/forever_gen_salt.js
226 silly gunzTarPerm modified mode [ 'examples/forever_gen_salt.js', 420, 438 ]
227 silly gunzTarPerm extractEntry test/async.js
228 silly gunzTarPerm modified mode [ 'test/async.js', 420, 438 ]
229 silly gunzTarPerm extractEntry test/repetitions.js
230 silly gunzTarPerm modified mode [ 'test/repetitions.js', 420, 438 ]
231 silly gunzTarPerm extractEntry test/sync.js
232 silly gunzTarPerm modified mode [ 'test/sync.js', 420, 438 ]
233 silly gunzTarPerm extractEntry src/bcrypt.cc
234 silly gunzTarPerm modified mode [ 'src/bcrypt.cc', 420, 438 ]
235 silly gunzTarPerm extractEntry src/bcrypt_node.cc
236 silly gunzTarPerm modified mode [ 'src/bcrypt_node.cc', 420, 438 ]
237 silly gunzTarPerm extractEntry src/blowfish.cc
238 silly gunzTarPerm modified mode [ 'src/blowfish.cc', 420, 438 ]
239 silly gunzTarPerm extractEntry src/node_blf.h
240 silly gunzTarPerm modified mode [ 'src/node_blf.h', 420, 438 ]
241 silly gunzTarPerm extractEntry werker.yml
242 silly gunzTarPerm modified mode [ 'werker.yml', 420, 438 ]
243 silly gunzTarPerm extractEntry LICENSE.md
244 silly gunzTarPerm modified mode [ 'LICENSE.md', 436, 438 ]
245 silly gunzTarPerm extractEntry .dntrc
246 silly gunzTarPerm modified mode [ '.dntrc', 436, 438 ]
247 silly gunzTarPerm extractEntry appveyor.yml
248 silly gunzTarPerm modified mode [ 'appveyor.yml', 436, 438 ]
249 silly gunzTarPerm extractEntry doc/new.md
250 silly gunzTarPerm modified mode [ 'doc/new.md', 436, 438 ]
251 silly gunzTarPerm extractEntry doc/.build.sh
252 silly gunzTarPerm modified mode [ 'doc/.build.sh', 509, 511 ]
253 silly gunzTarPerm extractEntry doc/buffers.md
254 silly gunzTarPerm modified mode [ 'doc/buffers.md', 436, 438 ]
255 silly gunzTarPerm extractEntry doc/callback.md
256 silly gunzTarPerm modified mode [ 'doc/callback.md', 436, 438 ]
257 silly gunzTarPerm extractEntry doc/converters.md
258 silly gunzTarPerm modified mode [ 'doc/converters.md', 436, 438 ]
259 silly gunzTarPerm extractEntry doc/errors.md
260 silly gunzTarPerm modified mode [ 'doc/errors.md', 436, 438 ]
261 silly gentlyRm C:\Users\Neel\Documents\GitHub\Amazon\Server\node_modules\.staging\bindings-ed97f284\node_modules is being purged
262 verbose gentlyRm don't care about contents; nuking C:\Users\Neel\Documents\GitHub\Amazon\Server\node_modules\.staging\bindings-ed97f284\node_modules
263 silly gunzTarPerm extractEntry doc/maybe_types.md
264 silly gunzTarPerm modified mode [ 'doc/maybe_types.md', 436, 438 ]
265 silly gunzTarPerm extractEntry doc/methods.md
266 silly gunzTarPerm modified mode [ 'doc/methods.md', 436, 438 ]
267 silly gunzTarPerm extractEntry doc/asyncworker.md
268 silly gunzTarPerm modified mode [ 'doc/asyncworker.md', 436, 438 ]
269 silly gunzTarPerm extractEntry doc/node_misc.md
270 silly gunzTarPerm modified mode [ 'doc/node_misc.md', 436, 438 ]
271 silly gunzTarPerm extractEntry doc/object_wrappers.md
272 silly gunzTarPerm modified mode [ 'doc/object_wrappers.md', 436, 438 ]
273 silly gunzTarPerm extractEntry doc/persistent.md
274 silly gunzTarPerm modified mode [ 'doc/persistent.md', 436, 438 ]
275 silly gunzTarPerm extractEntry doc/scopes.md
276 silly gunzTarPerm modified mode [ 'doc/scopes.md', 436, 438 ]
277 silly gunzTarPerm extractEntry doc/script.md
278 silly gunzTarPerm modified mode [ 'doc/script.md', 436, 438 ]
279 silly gunzTarPerm extractEntry doc/string_bytes.md
280 silly gunzTarPerm modified mode [ 'doc/string_bytes.md', 436, 438 ]
281 silly gunzTarPerm extractEntry doc/v8_internals.md
282 silly gunzTarPerm modified mode [ 'doc/v8_internals.md', 436, 438 ]
283 silly gunzTarPerm extractEntry doc/v8_misc.md
284 silly gunzTarPerm modified mode [ 'doc/v8_misc.md', 436, 438 ]
285 silly gunzTarPerm extractEntry nan.h
286 silly gunzTarPerm modified mode [ 'nan.h', 436, 438 ]
287 silly gunzTarPerm extractEntry nan_callbacks.h
288 silly gunzTarPerm modified mode [ 'nan_callbacks.h', 436, 438 ]
289 silly gunzTarPerm extractEntry nan_callbacks_12_inl.h
290 silly gunzTarPerm modified mode [ 'nan_callbacks_12_inl.h', 436, 438 ]
291 silly gunzTarPerm extractEntry nan_callbacks_pre_12_inl.h
292 silly gunzTarPerm modified mode [ 'nan_callbacks_pre_12_inl.h', 436, 438 ]
293 silly gunzTarPerm extractEntry nan_converters_43_inl.h
294 silly gunzTarPerm modified mode [ 'nan_converters_43_inl.h', 436, 438 ]
295 silly gunzTarPerm extractEntry nan_converters_pre_43_inl.h
296 silly gunzTarPerm modified mode [ 'nan_converters_pre_43_inl.h', 436, 438 ]
297 silly gunzTarPerm extractEntry nan_implementation_12_inl.h
298 silly gunzTarPerm modified mode [ 'nan_implementation_12_inl.h', 436, 438 ]
299 silly gunzTarPerm extractEntry nan_implementation_pre_12_inl.h
300 silly gunzTarPerm modified mode [ 'nan_implementation_pre_12_inl.h', 436, 438 ]
301 silly gunzTarPerm extractEntry nan_maybe_43_inl.h
302 silly gunzTarPerm modified mode [ 'nan_maybe_43_inl.h', 436, 438 ]
303 silly gunzTarPerm extractEntry nan_maybe_pre_43_inl.h
304 silly gunzTarPerm modified mode [ 'nan_maybe_pre_43_inl.h', 436, 438 ]
305 silly gunzTarPerm extractEntry nan_new.h
306 silly gunzTarPerm modified mode [ 'nan_new.h', 436, 438 ]
307 silly gunzTarPerm extractEntry nan_object_wrap.h
308 silly gunzTarPerm modified mode [ 'nan_object_wrap.h', 436, 438 ]
309 silly gunzTarPerm extractEntry nan_persistent_12_inl.h
310 silly gunzTarPerm modified mode [ 'nan_persistent_12_inl.h', 436, 438 ]
311 silly gunzTarPerm extractEntry nan_persistent_pre_12_inl.h
312 silly gunzTarPerm modified mode [ 'nan_persistent_pre_12_inl.h', 436, 438 ]
313 silly gunzTarPerm extractEntry nan_string_bytes.h
314 silly gunzTarPerm modified mode [ 'nan_string_bytes.h', 436, 438 ]
315 silly gunzTarPerm extractEntry nan_typedarray_contents.h
316 silly gunzTarPerm modified mode [ 'nan_typedarray_contents.h', 436, 438 ]
317 silly gunzTarPerm extractEntry nan_weak.h
318 silly gunzTarPerm modified mode [ 'nan_weak.h', 436, 438 ]
319 silly gunzTarPerm extractEntry CHANGELOG.md
320 silly gunzTarPerm modified mode [ 'CHANGELOG.md', 436, 438 ]
321 silly gunzTarPerm extractEntry tools/package.json
322 silly gunzTarPerm modified mode [ 'tools/package.json', 436, 438 ]
323 silly gunzTarPerm extractEntry tools/README.md
324 silly gunzTarPerm modified mode [ 'tools/README.md', 436, 438 ]
325 silly gunzTarPerm extractEntry tools/1to2.js
326 silly gunzTarPerm modified mode [ 'tools/1to2.js', 509, 511 ]
327 silly gentlyRm C:\Users\Neel\Documents\GitHub\Amazon\Server\node_modules\.staging\bcrypt-0f0e5a5f\node_modules is being purged
328 verbose gentlyRm don't care about contents; nuking C:\Users\Neel\Documents\GitHub\Amazon\Server\node_modules\.staging\bcrypt-0f0e5a5f\node_modules
329 silly gentlyRm C:\Users\Neel\Documents\GitHub\Amazon\Server\node_modules\.staging\nan-0ed55049\node_modules is being purged
330 verbose gentlyRm don't care about contents; nuking C:\Users\Neel\Documents\GitHub\Amazon\Server\node_modules\.staging\nan-0ed55049\node_modules
331 silly doParallel preinstall 3
332 silly preinstall bindings@1.2.1 C:\Users\Neel\Documents\GitHub\Amazon\Server\node_modules\.staging\bindings-ed97f284
333 info lifecycle bindings@1.2.1~preinstall: bindings@1.2.1
334 silly preinstall nan@2.2.1 C:\Users\Neel\Documents\GitHub\Amazon\Server\node_modules\.staging\nan-0ed55049
335 info lifecycle nan@2.2.1~preinstall: nan@2.2.1
336 silly preinstall bcrypt@0.8.6 C:\Users\Neel\Documents\GitHub\Amazon\Server\node_modules\.staging\bcrypt-0f0e5a5f
337 info lifecycle bcrypt@0.8.6~preinstall: bcrypt@0.8.6
338 silly lifecycle bindings@1.2.1~preinstall: no script for preinstall, continuing
339 silly lifecycle nan@2.2.1~preinstall: no script for preinstall, continuing
340 silly lifecycle bcrypt@0.8.6~preinstall: no script for preinstall, continuing
341 silly doReverseSerial remove 0
342 silly doSerial move 0
343 silly doSerial finalize 3
344 silly finalize C:\Users\Neel\Documents\GitHub\Amazon\Server\node_modules\bindings
345 silly finalize C:\Users\Neel\Documents\GitHub\Amazon\Server\node_modules\nan
346 silly finalize C:\Users\Neel\Documents\GitHub\Amazon\Server\node_modules\bcrypt
347 silly doSerial build 3
348 silly build bindings@1.2.1
349 info linkStuff bindings@1.2.1
350 silly linkStuff bindings@1.2.1 has C:\Users\Neel\Documents\GitHub\Amazon\Server\node_modules as its parent node_modules
351 verbose linkBins bindings@1.2.1
352 verbose linkMans bindings@1.2.1
353 silly build nan@2.2.1
354 info linkStuff nan@2.2.1
355 silly linkStuff nan@2.2.1 has C:\Users\Neel\Documents\GitHub\Amazon\Server\node_modules as its parent node_modules
356 verbose linkBins nan@2.2.1
357 verbose linkMans nan@2.2.1
358 silly build bcrypt@0.8.6
359 info linkStuff bcrypt@0.8.6
360 silly linkStuff bcrypt@0.8.6 has C:\Users\Neel\Documents\GitHub\Amazon\Server\node_modules as its parent node_modules
361 verbose linkBins bcrypt@0.8.6
362 verbose linkMans bcrypt@0.8.6
363 silly doSerial global-link 0
364 silly doParallel update-linked 0
365 silly doSerial install 3
366 silly install bindings@1.2.1 C:\Users\Neel\Documents\GitHub\Amazon\Server\node_modules\.staging\bindings-ed97f284
367 info lifecycle bindings@1.2.1~install: bindings@1.2.1
368 silly lifecycle bindings@1.2.1~install: no script for install, continuing
369 silly install nan@2.2.1 C:\Users\Neel\Documents\GitHub\Amazon\Server\node_modules\.staging\nan-0ed55049
370 info lifecycle nan@2.2.1~install: nan@2.2.1
371 silly lifecycle nan@2.2.1~install: no script for install, continuing
372 silly install bcrypt@0.8.6 C:\Users\Neel\Documents\GitHub\Amazon\Server\node_modules\.staging\bcrypt-0f0e5a5f
373 info lifecycle bcrypt@0.8.6~install: bcrypt@0.8.6
374 verbose lifecycle bcrypt@0.8.6~install: unsafe-perm in lifecycle true
375 verbose lifecycle bcrypt@0.8.6~install: PATH: C:\Program Files\nodejs\node_modules\npm\bin\node-gyp-bin;C:\Users\Neel\Documents\GitHub\Amazon\Server\node_modules\bcrypt\node_modules\.bin;C:\Users\Neel\Documents\GitHub\Amazon\Server\node_modules\.bin;C:\Users\Neel\AppData\Roaming\npm;C:\Program Files\nodejs\;C:\ProgramData\Oracle\Java\javapath;C:\WINDOWS\system32;C:\WINDOWS;C:\WINDOWS\System32\Wbem;C:\WINDOWS\System32\WindowsPowerShell\v1.0\;C:\Program Files (x86)\ATI Technologies\ATI.ACE\Core-Static;C:\Program Files\nodejs\;C:\Users\Neel\Downloads\apache-maven-3.3.9\bin;C:\Program Files (x86)\CloudFoundry;C:\Program Files\IBM\Bluemix\bin;C:\Program Files\Git\cmd;C:\Program Files (x86)\Fuse\;C:\Program Files\nodejs\node_modules\npm;C:\Program Files\nodejs;C:\Program Files\Java\jdk1.8.0_74\bin;C:\Program Files\MongoDB\Server\3.2\bin;C:\Users\Neel\AppData\Local\atom\bin;C:\Program Files\Git\bin
376 verbose lifecycle bcrypt@0.8.6~install: CWD: C:\Users\Neel\Documents\GitHub\Amazon\Server\node_modules\bcrypt
377 silly lifecycle bcrypt@0.8.6~install: Args: [ '/d /s /c', 'node-gyp rebuild' ]
378 silly lifecycle bcrypt@0.8.6~install: Returned: code: 1  signal: null
379 info lifecycle bcrypt@0.8.6~install: Failed to exec install script
380 verbose unlock done using C:\Users\Neel\AppData\Roaming\npm-cache\_locks\staging-1afabcfa85ccfdcb.lock for C:\Users\Neel\Documents\GitHub\Amazon\Server\node_modules\.staging
381 silly rollbackFailedOptional Starting
382 silly rollbackFailedOptional Finishing
383 silly runTopLevelLifecycles Starting
384 silly runTopLevelLifecycles Finishing
385 silly install printInstalled
386 verbose stack Error: bcrypt@0.8.6 install: `node-gyp rebuild`
386 verbose stack Exit status 1
386 verbose stack     at EventEmitter.<anonymous> (C:\Program Files\nodejs\node_modules\npm\lib\utils\lifecycle.js:232:16)
386 verbose stack     at emitTwo (events.js:100:13)
386 verbose stack     at EventEmitter.emit (events.js:185:7)
386 verbose stack     at ChildProcess.<anonymous> (C:\Program Files\nodejs\node_modules\npm\lib\utils\spawn.js:24:14)
386 verbose stack     at emitTwo (events.js:100:13)
386 verbose stack     at ChildProcess.emit (events.js:185:7)
386 verbose stack     at maybeClose (internal/child_process.js:827:16)
386 verbose stack     at Process.ChildProcess._handle.onexit (internal/child_process.js:211:5)
387 verbose pkgid bcrypt@0.8.6
388 verbose cwd C:\Users\Neel\Documents\GitHub\Amazon\Server
389 error Windows_NT 10.0.10240
390 error argv "C:\\Program Files\\nodejs\\node.exe" "C:\\Program Files\\nodejs\\node_modules\\npm\\bin\\npm-cli.js" "install" "bcrypt"
391 error node v5.7.0
392 error npm  v3.6.0
393 error code ELIFECYCLE
394 error bcrypt@0.8.6 install: `node-gyp rebuild`
394 error Exit status 1
395 error Failed at the bcrypt@0.8.6 install script 'node-gyp rebuild'.
395 error Make sure you have the latest version of node.js and npm installed.
395 error If you do, this is most likely a problem with the bcrypt package,
395 error not with npm itself.
395 error Tell the author that this fails on your system:
395 error     node-gyp rebuild
395 error You can get information on how to open an issue for this project with:
395 error     npm bugs bcrypt
395 error Or if that isn't available, you can get their info via:
395 error     npm owner ls bcrypt
395 error There is likely additional logging output above.
396 verbose exit [ 1, true ]
